2017-10-04 16:09:25.106  INFO 26150 --- [main] com.gp.solutions.App                     : Starting App on deneb with PID 26150 (/opt/sources/SpringPary/target/classes started by dudin in /opt/sources/SpringPary)
2017-10-04 16:09:25.136  INFO 26150 --- [main] com.gp.solutions.App                     : No active profile set, falling back to default profiles: default
2017-10-04 16:09:25.290  INFO 26150 --- [main] ationConfigEmbeddedWebApplicationContext : Refreshing org.springframework.boot.context.embedded.AnnotationConfigEmbeddedWebApplicationContext@217ed35e: startup date [Wed Oct 04 16:09:25 MSK 2017]; root of context hierarchy
2017-10-04 16:09:30.877  WARN 26150 --- [main] o.s.c.a.ConfigurationClassPostProcessor  : Cannot enhance @Configuration bean definition 'org.springframework.security.oauth2.config.annotation.web.configuration.AuthorizationServerEndpointsConfiguration$TokenKeyEndpointRegistrar' since its singleton instance has been created too early. The typical cause is a non-static @Bean method with a BeanDefinitionRegistryPostProcessor return type: Consider declaring such methods as 'static'.
2017-10-04 16:09:31.318  INFO 26150 --- [main] trationDelegate$BeanPostProcessorChecker : Bean 'org.springframework.transaction.annotation.ProxyTransactionManagementConfiguration' of type [class org.springframework.transaction.annotation.ProxyTransactionManagementConfiguration$$EnhancerBySpringCGLIB$$81181c82] is not eligible for getting processed by all BeanPostProcessors (for example: not eligible for auto-proxying)
2017-10-04 16:09:31.344  INFO 26150 --- [main] trationDelegate$BeanPostProcessorChecker : Bean 'org.springframework.security.config.annotation.configuration.ObjectPostProcessorConfiguration' of type [class org.springframework.security.config.annotation.configuration.ObjectPostProcessorConfiguration$$EnhancerBySpringCGLIB$$19c5e4bc] is not eligible for getting processed by all BeanPostProcessors (for example: not eligible for auto-proxying)
2017-10-04 16:09:31.351  INFO 26150 --- [main] trationDelegate$BeanPostProcessorChecker : Bean 'objectPostProcessor' of type [class org.springframework.security.config.annotation.configuration.AutowireBeanFactoryObjectPostProcessor] is not eligible for getting processed by all BeanPostProcessors (for example: not eligible for auto-proxying)
2017-10-04 16:09:31.355  INFO 26150 --- [main] trationDelegate$BeanPostProcessorChecker : Bean 'org.springframework.security.access.expression.method.DefaultMethodSecurityExpressionHandler@41184371' of type [class org.springframework.security.oauth2.provider.expression.OAuth2MethodSecurityExpressionHandler] is not eligible for getting processed by all BeanPostProcessors (for example: not eligible for auto-proxying)
2017-10-04 16:09:31.365  INFO 26150 --- [main] trationDelegate$BeanPostProcessorChecker : Bean 'org.springframework.security.config.annotation.method.configuration.GlobalMethodSecurityConfiguration' of type [class org.springframework.security.config.annotation.method.configuration.GlobalMethodSecurityConfiguration$$EnhancerBySpringCGLIB$$3e9a876e] is not eligible for getting processed by all BeanPostProcessors (for example: not eligible for auto-proxying)
2017-10-04 16:09:31.374  INFO 26150 --- [main] trationDelegate$BeanPostProcessorChecker : Bean 'methodSecurityMetadataSource' of type [class org.springframework.security.access.method.DelegatingMethodSecurityMetadataSource] is not eligible for getting processed by all BeanPostProcessors (for example: not eligible for auto-proxying)
2017-10-04 16:09:31.916  INFO 26150 --- [main] s.b.c.e.t.TomcatEmbeddedServletContainer : Tomcat initialized with port(s): 8000 (http)
2017-10-04 16:09:31.935  INFO 26150 --- [main] o.apache.catalina.core.StandardService   : Starting service Tomcat
2017-10-04 16:09:31.936  INFO 26150 --- [main] org.apache.catalina.core.StandardEngine  : Starting Servlet Engine: Apache Tomcat/8.5.4
2017-10-04 16:09:32.083  INFO 26150 --- [localhost-startStop-1] o.a.c.c.C.[.[localhost].[/gpsolutions]   : Initializing Spring embedded WebApplicationContext
2017-10-04 16:09:32.083  INFO 26150 --- [localhost-startStop-1] o.s.web.context.ContextLoader            : Root WebApplicationContext: initialization completed in 6845 ms
2017-10-04 16:09:32.314  INFO 26150 --- [localhost-startStop-1] o.s.b.w.servlet.FilterRegistrationBean   : Mapping filter: 'metricFilter' to: [/*]
2017-10-04 16:09:32.314  INFO 26150 --- [localhost-startStop-1] o.s.b.w.servlet.FilterRegistrationBean   : Mapping filter: 'characterEncodingFilter' to: [/*]
2017-10-04 16:09:32.314  INFO 26150 --- [localhost-startStop-1] o.s.b.w.servlet.FilterRegistrationBean   : Mapping filter: 'hiddenHttpMethodFilter' to: [/*]
2017-10-04 16:09:32.314  INFO 26150 --- [localhost-startStop-1] o.s.b.w.servlet.FilterRegistrationBean   : Mapping filter: 'httpPutFormContentFilter' to: [/*]
2017-10-04 16:09:32.314  INFO 26150 --- [localhost-startStop-1] o.s.b.w.servlet.FilterRegistrationBean   : Mapping filter: 'requestContextFilter' to: [/*]
2017-10-04 16:09:32.315  INFO 26150 --- [localhost-startStop-1] .s.DelegatingFilterProxyRegistrationBean : Mapping filter: 'springSecurityFilterChain' to: [/*]
2017-10-04 16:09:32.315  INFO 26150 --- [localhost-startStop-1] o.s.b.w.servlet.FilterRegistrationBean   : Mapping filter: 'webRequestLoggingFilter' to: [/*]
2017-10-04 16:09:32.315  INFO 26150 --- [localhost-startStop-1] o.s.b.w.servlet.FilterRegistrationBean   : Mapping filter: 'applicationContextIdFilter' to: [/*]
2017-10-04 16:09:32.315  INFO 26150 --- [localhost-startStop-1] o.s.b.w.servlet.ServletRegistrationBean  : Mapping servlet: 'dispatcherServlet' to [/]
2017-10-04 16:09:32.831  INFO 26150 --- [main] j.LocalContainerEntityManagerFactoryBean : Building JPA container EntityManagerFactory for persistence unit 'default'
2017-10-04 16:09:32.860  INFO 26150 --- [main] o.hibernate.jpa.internal.util.LogHelper  : HHH000204: Processing PersistenceUnitInfo [
	name: default
	...]
2017-10-04 16:09:33.012  INFO 26150 --- [main] org.hibernate.Version                    : HHH000412: Hibernate Core {5.0.9.Final}
2017-10-04 16:09:33.016  INFO 26150 --- [main] org.hibernate.cfg.Environment            : HHH000206: hibernate.properties not found
2017-10-04 16:09:33.019  INFO 26150 --- [main] org.hibernate.cfg.Environment            : HHH000021: Bytecode provider name : javassist
2017-10-04 16:09:33.118  INFO 26150 --- [main] o.hibernate.annotations.common.Version   : HCANN000001: Hibernate Commons Annotations {5.0.1.Final}
2017-10-04 16:09:33.650  INFO 26150 --- [main] org.hibernate.dialect.Dialect            : HHH000400: Using dialect: org.hibernate.dialect.PostgreSQLDialect
2017-10-04 16:09:34.028  INFO 26150 --- [main] o.h.e.j.e.i.LobCreatorBuilderImpl        : HHH000424: Disabling contextual LOB creation as createClob() method threw error : java.lang.reflect.InvocationTargetException
2017-10-04 16:09:34.029  INFO 26150 --- [main] org.hibernate.type.BasicTypeRegistry     : HHH000270: Type registration [java.util.UUID] overrides previous : org.hibernate.type.UUIDBinaryType@4d81e83a
2017-10-04 16:09:34.647  INFO 26150 --- [main] j.LocalContainerEntityManagerFactoryBean : Initialized JPA EntityManagerFactory for persistence unit 'default'
2017-10-04 16:09:36.028  INFO 26150 --- [main] .s.o.p.e.FrameworkEndpointHandlerMapping : Mapped "{[/oauth/authorize]}" onto public org.springframework.web.servlet.ModelAndView org.springframework.security.oauth2.provider.endpoint.AuthorizationEndpoint.authorize(java.util.Map<java.lang.String, java.lang.Object>,java.util.Map<java.lang.String, java.lang.String>,org.springframework.web.bind.support.SessionStatus,java.security.Principal)
2017-10-04 16:09:36.029  INFO 26150 --- [main] .s.o.p.e.FrameworkEndpointHandlerMapping : Mapped "{[/oauth/authorize],methods=[POST],params=[user_oauth_approval]}" onto public org.springframework.web.servlet.View org.springframework.security.oauth2.provider.endpoint.AuthorizationEndpoint.approveOrDeny(java.util.Map<java.lang.String, java.lang.String>,java.util.Map<java.lang.String, ?>,org.springframework.web.bind.support.SessionStatus,java.security.Principal)
2017-10-04 16:09:36.031  INFO 26150 --- [main] .s.o.p.e.FrameworkEndpointHandlerMapping : Mapped "{[/oauth/token],methods=[POST]}" onto public org.springframework.http.ResponseEntity<org.springframework.security.oauth2.common.OAuth2AccessToken> org.springframework.security.oauth2.provider.endpoint.TokenEndpoint.postAccessToken(java.security.Principal,java.util.Map<java.lang.String, java.lang.String>) throws org.springframework.web.HttpRequestMethodNotSupportedException
2017-10-04 16:09:36.031  INFO 26150 --- [main] .s.o.p.e.FrameworkEndpointHandlerMapping : Mapped "{[/oauth/token],methods=[GET]}" onto public org.springframework.http.ResponseEntity<org.springframework.security.oauth2.common.OAuth2AccessToken> org.springframework.security.oauth2.provider.endpoint.TokenEndpoint.getAccessToken(java.security.Principal,java.util.Map<java.lang.String, java.lang.String>) throws org.springframework.web.HttpRequestMethodNotSupportedException
2017-10-04 16:09:36.031  INFO 26150 --- [main] .s.o.p.e.FrameworkEndpointHandlerMapping : Mapped "{[/oauth/check_token]}" onto public java.util.Map<java.lang.String, ?> org.springframework.security.oauth2.provider.endpoint.CheckTokenEndpoint.checkToken(java.lang.String)
2017-10-04 16:09:36.032  INFO 26150 --- [main] .s.o.p.e.FrameworkEndpointHandlerMapping : Mapped "{[/oauth/confirm_access]}" onto public org.springframework.web.servlet.ModelAndView org.springframework.security.oauth2.provider.endpoint.WhitelabelApprovalEndpoint.getAccessConfirmation(java.util.Map<java.lang.String, java.lang.Object>,javax.servlet.http.HttpServletRequest) throws java.lang.Exception
2017-10-04 16:09:36.032  INFO 26150 --- [main] .s.o.p.e.FrameworkEndpointHandlerMapping : Mapped "{[/oauth/error]}" onto public org.springframework.web.servlet.ModelAndView org.springframework.security.oauth2.provider.endpoint.WhitelabelErrorEndpoint.handleError(javax.servlet.http.HttpServletRequest)
2017-10-04 16:09:36.088  INFO 26150 --- [main] s.w.s.m.m.a.RequestMappingHandlerMapping : Mapped "{[/parties],methods=[GET]}" onto public org.springframework.http.ResponseEntity<java.util.Collection<com.gp.solutions.entity.dbo.Party>> com.gp.solutions.controller.PartyController.getParties()
2017-10-04 16:09:36.089  INFO 26150 --- [main] s.w.s.m.m.a.RequestMappingHandlerMapping : Mapped "{[/parties/{id}],methods=[GET]}" onto public org.springframework.http.ResponseEntity<com.gp.solutions.entity.dbo.Party> com.gp.solutions.controller.PartyController.getParty(long)
2017-10-04 16:09:36.089  INFO 26150 --- [main] s.w.s.m.m.a.RequestMappingHandlerMapping : Mapped "{[/parties],methods=[POST]}" onto public org.springframework.http.ResponseEntity<com.gp.solutions.entity.dbo.Party> com.gp.solutions.controller.PartyController.addParty(com.gp.solutions.entity.dbo.Party,com.gp.solutions.entity.dbo.User)
2017-10-04 16:09:36.089  INFO 26150 --- [main] s.w.s.m.m.a.RequestMappingHandlerMapping : Mapped "{[/parties/{id}],methods=[DELETE]}" onto public org.springframework.http.ResponseEntity<java.lang.Void> com.gp.solutions.controller.PartyController.deleteParty(long,com.gp.solutions.entity.dbo.User)
2017-10-04 16:09:36.091  INFO 26150 --- [main] s.w.s.m.m.a.RequestMappingHandlerMapping : Mapped "{[/people],methods=[GET]}" onto public org.springframework.http.ResponseEntity<java.util.Collection<com.gp.solutions.entity.dbo.Person>> com.gp.solutions.controller.PersonController.getPeople()
2017-10-04 16:09:36.092  INFO 26150 --- [main] s.w.s.m.m.a.RequestMappingHandlerMapping : Mapped "{[/people/{id}],methods=[GET]}" onto public org.springframework.http.ResponseEntity<com.gp.solutions.entity.dbo.Person> com.gp.solutions.controller.PersonController.getPerson(long)
2017-10-04 16:09:36.092  INFO 26150 --- [main] s.w.s.m.m.a.RequestMappingHandlerMapping : Mapped "{[/people],methods=[POST]}" onto public org.springframework.http.ResponseEntity<?> com.gp.solutions.controller.PersonController.addPerson(com.gp.solutions.entity.dbo.Person,com.gp.solutions.entity.dbo.User)
2017-10-04 16:09:36.092  INFO 26150 --- [main] s.w.s.m.m.a.RequestMappingHandlerMapping : Mapped "{[/people/{id}],methods=[DELETE]}" onto public org.springframework.http.ResponseEntity<java.lang.Void> com.gp.solutions.controller.PersonController.deletePerson(long,com.gp.solutions.entity.dbo.User)
2017-10-04 16:09:36.092  INFO 26150 --- [main] s.w.s.m.m.a.RequestMappingHandlerMapping : Mapped "{[/people/{id}/parties],methods=[GET]}" onto public org.springframework.http.ResponseEntity<java.util.Collection<com.gp.solutions.entity.dbo.Party>> com.gp.solutions.controller.PersonController.getPersonParties(long)
2017-10-04 16:09:36.092  INFO 26150 --- [main] s.w.s.m.m.a.RequestMappingHandlerMapping : Mapped "{[/people/skill/{skillName}],methods=[GET]}" onto public org.springframework.http.ResponseEntity<java.util.Collection<com.gp.solutions.entity.dbo.Person>> com.gp.solutions.controller.PersonController.getPersonsBySkill(java.lang.String)
2017-10-04 16:09:36.092  INFO 26150 --- [main] s.w.s.m.m.a.RequestMappingHandlerMapping : Mapped "{[/people/skill/{skillName}/party/{location}],methods=[GET]}" onto public org.springframework.http.ResponseEntity<java.util.Collection<com.gp.solutions.entity.dbo.Person>> com.gp.solutions.controller.PersonController.getPersonsBySkillAndParty(java.lang.String,java.lang.String)
2017-10-04 16:09:36.093  INFO 26150 --- [main] s.w.s.m.m.a.RequestMappingHandlerMapping : Mapped "{[/skill/level/{levelName}],methods=[GET]}" onto public org.springframework.http.ResponseEntity<java.util.Collection<com.gp.solutions.entity.dbo.Skill>> com.gp.solutions.controller.SkillController.getSkillByLevel(java.lang.String)
2017-10-04 16:09:36.094  INFO 26150 --- [main] s.w.s.m.m.a.RequestMappingHandlerMapping : Mapped "{[/swagger-resources/configuration/ui]}" onto public org.springframework.http.ResponseEntity<springfox.documentation.swagger.web.UiConfiguration> springfox.documentation.swagger.web.ApiResourceController.uiConfiguration()
2017-10-04 16:09:36.095  INFO 26150 --- [main] s.w.s.m.m.a.RequestMappingHandlerMapping : Mapped "{[/swagger-resources/configuration/security]}" onto public org.springframework.http.ResponseEntity<springfox.documentation.swagger.web.SecurityConfiguration> springfox.documentation.swagger.web.ApiResourceController.securityConfiguration()
2017-10-04 16:09:36.096  INFO 26150 --- [main] s.w.s.m.m.a.RequestMappingHandlerMapping : Mapped "{[/swagger-resources]}" onto public org.springframework.http.ResponseEntity<java.util.List<springfox.documentation.swagger.web.SwaggerResource>> springfox.documentation.swagger.web.ApiResourceController.swaggerResources()
2017-10-04 16:09:36.100  INFO 26150 --- [main] s.w.s.m.m.a.RequestMappingHandlerMapping : Mapped "{[/error],produces=[text/html]}" onto public org.springframework.web.servlet.ModelAndView org.springframework.boot.autoconfigure.web.BasicErrorController.errorHtml(javax.servlet.http.HttpServletRequest,javax.servlet.http.HttpServletResponse)
2017-10-04 16:09:36.100  INFO 26150 --- [main] s.w.s.m.m.a.RequestMappingHandlerMapping : Mapped "{[/error]}" onto public org.springframework.http.ResponseEntity<java.util.Map<java.lang.String, java.lang.Object>> org.springframework.boot.autoconfigure.web.BasicErrorController.error(javax.servlet.http.HttpServletRequest)
2017-10-04 16:09:36.300  INFO 26150 --- [main] o.s.b.a.e.mvc.EndpointHandlerMapping     : Mapped "{[/mappings || /mappings.json],methods=[GET],produces=[application/json]}" onto public java.lang.Object org.springframework.boot.actuate.endpoint.mvc.EndpointMvcAdapter.invoke()
2017-10-04 16:09:36.300  INFO 26150 --- [main] o.s.b.a.e.mvc.EndpointHandlerMapping     : Mapped "{[/dump || /dump.json],methods=[GET],produces=[application/json]}" onto public java.lang.Object org.springframework.boot.actuate.endpoint.mvc.EndpointMvcAdapter.invoke()
2017-10-04 16:09:36.301  INFO 26150 --- [main] o.s.b.a.e.mvc.EndpointHandlerMapping     : Mapped "{[/metrics/{name:.*}],methods=[GET],produces=[application/json]}" onto public java.lang.Object org.springframework.boot.actuate.endpoint.mvc.MetricsMvcEndpoint.value(java.lang.String)
2017-10-04 16:09:36.301  INFO 26150 --- [main] o.s.b.a.e.mvc.EndpointHandlerMapping     : Mapped "{[/metrics || /metrics.json],methods=[GET],produces=[application/json]}" onto public java.lang.Object org.springframework.boot.actuate.endpoint.mvc.EndpointMvcAdapter.invoke()
2017-10-04 16:09:36.302  INFO 26150 --- [main] o.s.b.a.e.mvc.EndpointHandlerMapping     : Mapped "{[/autoconfig || /autoconfig.json],methods=[GET],produces=[application/json]}" onto public java.lang.Object org.springframework.boot.actuate.endpoint.mvc.EndpointMvcAdapter.invoke()
2017-10-04 16:09:36.302  INFO 26150 --- [main] o.s.b.a.e.mvc.EndpointHandlerMapping     : Mapped "{[/beans || /beans.json],methods=[GET],produces=[application/json]}" onto public java.lang.Object org.springframework.boot.actuate.endpoint.mvc.EndpointMvcAdapter.invoke()
2017-10-04 16:09:36.303  INFO 26150 --- [main] o.s.b.a.e.mvc.EndpointHandlerMapping     : Mapped "{[/env/{name:.*}],methods=[GET],produces=[application/json]}" onto public java.lang.Object org.springframework.boot.actuate.endpoint.mvc.EnvironmentMvcEndpoint.value(java.lang.String)
2017-10-04 16:09:36.303  INFO 26150 --- [main] o.s.b.a.e.mvc.EndpointHandlerMapping     : Mapped "{[/env || /env.json],methods=[GET],produces=[application/json]}" onto public java.lang.Object org.springframework.boot.actuate.endpoint.mvc.EndpointMvcAdapter.invoke()
2017-10-04 16:09:36.303  INFO 26150 --- [main] o.s.b.a.e.mvc.EndpointHandlerMapping     : Mapped "{[/heapdump || /heapdump.json],methods=[GET],produces=[application/octet-stream]}" onto public void org.springframework.boot.actuate.endpoint.mvc.HeapdumpMvcEndpoint.invoke(boolean,javax.servlet.http.HttpServletRequest,javax.servlet.http.HttpServletResponse) throws java.io.IOException,javax.servlet.ServletException
2017-10-04 16:09:36.305  INFO 26150 --- [main] o.s.b.a.e.mvc.EndpointHandlerMapping     : Mapped "{[/info || /info.json],methods=[GET],produces=[application/json]}" onto public java.lang.Object org.springframework.boot.actuate.endpoint.mvc.EndpointMvcAdapter.invoke()
2017-10-04 16:09:36.305  INFO 26150 --- [main] o.s.b.a.e.mvc.EndpointHandlerMapping     : Mapped "{[/health || /health.json],produces=[application/json]}" onto public java.lang.Object org.springframework.boot.actuate.endpoint.mvc.HealthMvcEndpoint.invoke(java.security.Principal)
2017-10-04 16:09:36.306  INFO 26150 --- [main] o.s.b.a.e.mvc.EndpointHandlerMapping     : Mapped "{[/logfile || /logfile.json],methods=[GET || HEAD]}" onto public void org.springframework.boot.actuate.endpoint.mvc.LogFileMvcEndpoint.invoke(javax.servlet.http.HttpServletRequest,javax.servlet.http.HttpServletResponse) throws javax.servlet.ServletException,java.io.IOException
2017-10-04 16:09:36.307  INFO 26150 --- [main] o.s.b.a.e.mvc.EndpointHandlerMapping     : Mapped "{[/configprops || /configprops.json],methods=[GET],produces=[application/json]}" onto public java.lang.Object org.springframework.boot.actuate.endpoint.mvc.EndpointMvcAdapter.invoke()
2017-10-04 16:09:36.307  INFO 26150 --- [main] o.s.b.a.e.mvc.EndpointHandlerMapping     : Mapped "{[/trace || /trace.json],methods=[GET],produces=[application/json]}" onto public java.lang.Object org.springframework.boot.actuate.endpoint.mvc.EndpointMvcAdapter.invoke()
2017-10-04 16:09:36.484  INFO 26150 --- [main] pertySourcedRequestMappingHandlerMapping : Mapped URL path [/v2/api-docs] onto method [public org.springframework.http.ResponseEntity<springfox.documentation.spring.web.json.Json> springfox.documentation.swagger2.web.Swagger2Controller.getDocumentation(java.lang.String,javax.servlet.http.HttpServletRequest)]
2017-10-04 16:09:37.026  INFO 26150 --- [main] o.s.s.web.DefaultSecurityFilterChain     : Creating filter chain: OrRequestMatcher [requestMatchers=[Ant [pattern='/css/**'], Ant [pattern='/js/**'], Ant [pattern='/images/**'], Ant [pattern='/webjars/**'], Ant [pattern='/**/favicon.ico'], Ant [pattern='/error']]], []
2017-10-04 16:09:37.026  INFO 26150 --- [main] o.s.s.web.DefaultSecurityFilterChain     : Creating filter chain: Ant [pattern='/login'], []
2017-10-04 16:09:37.073  INFO 26150 --- [main] o.s.s.web.DefaultSecurityFilterChain     : Creating filter chain: OrRequestMatcher [requestMatchers=[Ant [pattern='/oauth/token'], Ant [pattern='/oauth/token_key'], Ant [pattern='/oauth/check_token']]], [org.springframework.security.web.context.request.async.WebAsyncManagerIntegrationFilter@3cc2e3e, org.springframework.security.web.context.SecurityContextPersistenceFilter@8f09a02, org.springframework.security.web.header.HeaderWriterFilter@14fff5e7, org.springframework.security.web.authentication.logout.LogoutFilter@59b1edab, org.springframework.security.web.authentication.www.BasicAuthenticationFilter@44a13699, org.springframework.security.web.savedrequest.RequestCacheAwareFilter@2dd08ff1, org.springframework.security.web.servletapi.SecurityContextHolderAwareRequestFilter@5981f2c6, org.springframework.security.web.authentication.AnonymousAuthenticationFilter@4e14d520, org.springframework.security.web.session.SessionManagementFilter@1f72fbd1, org.springframework.security.web.access.ExceptionTranslationFilter@2b15ba1a, org.springframework.security.web.access.intercept.FilterSecurityInterceptor@3c116f26]
2017-10-04 16:09:37.084  INFO 26150 --- [main] o.s.s.web.DefaultSecurityFilterChain     : Creating filter chain: org.springframework.security.oauth2.config.annotation.web.configuration.ResourceServerConfiguration$NotOAuthRequestMatcher@1ead3c67, [org.springframework.security.web.context.request.async.WebAsyncManagerIntegrationFilter@5e2b512b, org.springframework.security.web.context.SecurityContextPersistenceFilter@55b45ea1, org.springframework.security.web.header.HeaderWriterFilter@b787274, org.springframework.security.web.authentication.logout.LogoutFilter@3b77940f, org.springframework.security.oauth2.provider.authentication.OAuth2AuthenticationProcessingFilter@3700994c, org.springframework.security.web.savedrequest.RequestCacheAwareFilter@d5a72cd, org.springframework.security.web.servletapi.SecurityContextHolderAwareRequestFilter@45f95ac0, org.springframework.security.web.authentication.AnonymousAuthenticationFilter@ba87c11, org.springframework.security.web.session.SessionManagementFilter@4ec616d6, org.springframework.security.web.access.ExceptionTranslationFilter@7a34505a, org.springframework.security.web.access.intercept.FilterSecurityInterceptor@40cb95c1]
2017-10-04 16:09:37.090  INFO 26150 --- [main] o.s.s.web.DefaultSecurityFilterChain     : Creating filter chain: org.springframework.security.web.util.matcher.AnyRequestMatcher@1, [org.springframework.security.web.authentication.UsernamePasswordAuthenticationFilter@6032622, org.springframework.security.web.authentication.www.BasicAuthenticationFilter@7b423f90, org.springframework.security.web.access.intercept.FilterSecurityInterceptor@37ade216]
2017-10-04 16:09:37.104  INFO 26150 --- [main] o.s.s.web.DefaultSecurityFilterChain     : Creating filter chain: org.springframework.boot.actuate.autoconfigure.ManagementWebSecurityAutoConfiguration$LazyEndpointPathRequestMatcher@1fd0ae78, [org.springframework.security.web.context.request.async.WebAsyncManagerIntegrationFilter@583030bd, org.springframework.security.web.context.SecurityContextPersistenceFilter@2de7fe0e, org.springframework.security.web.header.HeaderWriterFilter@352e4b6d, org.springframework.security.web.authentication.logout.LogoutFilter@7b5c9412, org.springframework.security.web.authentication.www.BasicAuthenticationFilter@102ecb61, org.springframework.security.web.savedrequest.RequestCacheAwareFilter@2ff8d39b, org.springframework.security.web.servletapi.SecurityContextHolderAwareRequestFilter@684a802a, org.springframework.security.web.authentication.AnonymousAuthenticationFilter@1f57666b, org.springframework.security.web.session.SessionManagementFilter@10a064bd, org.springframework.security.web.access.ExceptionTranslationFilter@cb1c58c, org.springframework.security.web.access.intercept.FilterSecurityInterceptor@2b0d85bd]
2017-10-04 16:09:37.242  INFO 26150 --- [main] s.w.s.m.m.a.RequestMappingHandlerAdapter : Looking for @ControllerAdvice: org.springframework.boot.context.embedded.AnnotationConfigEmbeddedWebApplicationContext@217ed35e: startup date [Wed Oct 04 16:09:25 MSK 2017]; root of context hierarchy
2017-10-04 16:09:37.308  INFO 26150 --- [main] o.s.w.s.handler.SimpleUrlHandlerMapping  : Mapped URL path [/webjars/**] onto handler of type [class org.springframework.web.servlet.resource.ResourceHttpRequestHandler]
2017-10-04 16:09:37.309  INFO 26150 --- [main] o.s.w.s.handler.SimpleUrlHandlerMapping  : Mapped URL path [/**] onto handler of type [class org.springframework.web.servlet.resource.ResourceHttpRequestHandler]
2017-10-04 16:09:37.341  INFO 26150 --- [main] o.s.w.s.handler.SimpleUrlHandlerMapping  : Mapped URL path [/**/favicon.ico] onto handler of type [class org.springframework.web.servlet.resource.ResourceHttpRequestHandler]
2017-10-04 16:09:37.585  INFO 26150 --- [main] o.s.j.e.a.AnnotationMBeanExporter        : Registering beans for JMX exposure on startup
2017-10-04 16:09:37.594  INFO 26150 --- [main] o.s.c.support.DefaultLifecycleProcessor  : Starting beans in phase 0
2017-10-04 16:09:37.636  INFO 26150 --- [main] o.s.c.support.DefaultLifecycleProcessor  : Starting beans in phase 2147483647
2017-10-04 16:09:37.636  INFO 26150 --- [main] d.s.w.p.DocumentationPluginsBootstrapper : Context refreshed
2017-10-04 16:09:37.674  INFO 26150 --- [main] d.s.w.p.DocumentationPluginsBootstrapper : Found 1 custom documentation plugin(s)
2017-10-04 16:09:37.734  INFO 26150 --- [main] s.d.s.w.s.ApiListingReferenceScanner     : Scanning for api listing references
2017-10-04 16:09:37.964  INFO 26150 --- [main] s.b.c.e.t.TomcatEmbeddedServletContainer : Tomcat started on port(s): 8000 (http)
2017-10-04 16:09:37.968  INFO 26150 --- [main] com.gp.solutions.App                     : Started App in 15.311 seconds (JVM running for 23.608)
2017-10-04 16:09:44.968  INFO 26150 --- [Thread-36] ationConfigEmbeddedWebApplicationContext : Closing org.springframework.boot.context.embedded.AnnotationConfigEmbeddedWebApplicationContext@217ed35e: startup date [Wed Oct 04 16:09:25 MSK 2017]; root of context hierarchy
2017-10-04 16:09:44.973  INFO 26150 --- [Thread-36] o.s.c.support.DefaultLifecycleProcessor  : Stopping beans in phase 2147483647
2017-10-04 16:09:44.974  INFO 26150 --- [Thread-36] o.s.c.support.DefaultLifecycleProcessor  : Stopping beans in phase 0
2017-10-04 16:09:44.975  INFO 26150 --- [Thread-36] o.s.j.e.a.AnnotationMBeanExporter        : Unregistering JMX-exposed beans on shutdown
2017-10-04 16:09:44.977  INFO 26150 --- [Thread-36] j.LocalContainerEntityManagerFactoryBean : Closing JPA EntityManagerFactory for persistence unit 'default'
2017-10-04 16:14:59.482  INFO 26493 --- [main] com.gp.solutions.App                     : Starting App on deneb with PID 26493 (/opt/sources/SpringPary/target/classes started by dudin in /opt/sources/SpringPary)
2017-10-04 16:14:59.484  INFO 26493 --- [main] com.gp.solutions.App                     : No active profile set, falling back to default profiles: default
2017-10-04 16:14:59.519  INFO 26493 --- [main] ationConfigEmbeddedWebApplicationContext : Refreshing org.springframework.boot.context.embedded.AnnotationConfigEmbeddedWebApplicationContext@217ed35e: startup date [Wed Oct 04 16:14:59 MSK 2017]; root of context hierarchy
2017-10-04 16:15:00.471  WARN 26493 --- [main] o.s.c.a.ConfigurationClassPostProcessor  : Cannot enhance @Configuration bean definition 'org.springframework.security.oauth2.config.annotation.web.configuration.AuthorizationServerEndpointsConfiguration$TokenKeyEndpointRegistrar' since its singleton instance has been created too early. The typical cause is a non-static @Bean method with a BeanDefinitionRegistryPostProcessor return type: Consider declaring such methods as 'static'.
2017-10-04 16:15:00.673  INFO 26493 --- [main] trationDelegate$BeanPostProcessorChecker : Bean 'org.springframework.transaction.annotation.ProxyTransactionManagementConfiguration' of type [class org.springframework.transaction.annotation.ProxyTransactionManagementConfiguration$$EnhancerBySpringCGLIB$$2a09aa5a] is not eligible for getting processed by all BeanPostProcessors (for example: not eligible for auto-proxying)
2017-10-04 16:15:00.698  INFO 26493 --- [main] trationDelegate$BeanPostProcessorChecker : Bean 'org.springframework.security.config.annotation.configuration.ObjectPostProcessorConfiguration' of type [class org.springframework.security.config.annotation.configuration.ObjectPostProcessorConfiguration$$EnhancerBySpringCGLIB$$c2b77294] is not eligible for getting processed by all BeanPostProcessors (for example: not eligible for auto-proxying)
2017-10-04 16:15:00.704  INFO 26493 --- [main] trationDelegate$BeanPostProcessorChecker : Bean 'objectPostProcessor' of type [class org.springframework.security.config.annotation.configuration.AutowireBeanFactoryObjectPostProcessor] is not eligible for getting processed by all BeanPostProcessors (for example: not eligible for auto-proxying)
2017-10-04 16:15:00.709  INFO 26493 --- [main] trationDelegate$BeanPostProcessorChecker : Bean 'org.springframework.security.access.expression.method.DefaultMethodSecurityExpressionHandler@443faa85' of type [class org.springframework.security.oauth2.provider.expression.OAuth2MethodSecurityExpressionHandler] is not eligible for getting processed by all BeanPostProcessors (for example: not eligible for auto-proxying)
2017-10-04 16:15:00.719  INFO 26493 --- [main] trationDelegate$BeanPostProcessorChecker : Bean 'org.springframework.security.config.annotation.method.configuration.GlobalMethodSecurityConfiguration' of type [class org.springframework.security.config.annotation.method.configuration.GlobalMethodSecurityConfiguration$$EnhancerBySpringCGLIB$$e78c1546] is not eligible for getting processed by all BeanPostProcessors (for example: not eligible for auto-proxying)
2017-10-04 16:15:00.725  INFO 26493 --- [main] trationDelegate$BeanPostProcessorChecker : Bean 'methodSecurityMetadataSource' of type [class org.springframework.security.access.method.DelegatingMethodSecurityMetadataSource] is not eligible for getting processed by all BeanPostProcessors (for example: not eligible for auto-proxying)
2017-10-04 16:15:01.049  INFO 26493 --- [main] s.b.c.e.t.TomcatEmbeddedServletContainer : Tomcat initialized with port(s): 8000 (http)
2017-10-04 16:15:01.055  INFO 26493 --- [main] o.apache.catalina.core.StandardService   : Starting service Tomcat
2017-10-04 16:15:01.055  INFO 26493 --- [main] org.apache.catalina.core.StandardEngine  : Starting Servlet Engine: Apache Tomcat/8.5.4
2017-10-04 16:15:01.128  INFO 26493 --- [localhost-startStop-1] o.a.c.c.C.[.[localhost].[/gpsolutions]   : Initializing Spring embedded WebApplicationContext
2017-10-04 16:15:01.128  INFO 26493 --- [localhost-startStop-1] o.s.web.context.ContextLoader            : Root WebApplicationContext: initialization completed in 1611 ms
2017-10-04 16:15:01.353  INFO 26493 --- [localhost-startStop-1] o.s.b.w.servlet.FilterRegistrationBean   : Mapping filter: 'metricFilter' to: [/*]
2017-10-04 16:15:01.354  INFO 26493 --- [localhost-startStop-1] o.s.b.w.servlet.FilterRegistrationBean   : Mapping filter: 'characterEncodingFilter' to: [/*]
2017-10-04 16:15:01.354  INFO 26493 --- [localhost-startStop-1] o.s.b.w.servlet.FilterRegistrationBean   : Mapping filter: 'hiddenHttpMethodFilter' to: [/*]
2017-10-04 16:15:01.354  INFO 26493 --- [localhost-startStop-1] o.s.b.w.servlet.FilterRegistrationBean   : Mapping filter: 'httpPutFormContentFilter' to: [/*]
2017-10-04 16:15:01.354  INFO 26493 --- [localhost-startStop-1] o.s.b.w.servlet.FilterRegistrationBean   : Mapping filter: 'requestContextFilter' to: [/*]
2017-10-04 16:15:01.355  INFO 26493 --- [localhost-startStop-1] .s.DelegatingFilterProxyRegistrationBean : Mapping filter: 'springSecurityFilterChain' to: [/*]
2017-10-04 16:15:01.355  INFO 26493 --- [localhost-startStop-1] o.s.b.w.servlet.FilterRegistrationBean   : Mapping filter: 'webRequestLoggingFilter' to: [/*]
2017-10-04 16:15:01.355  INFO 26493 --- [localhost-startStop-1] o.s.b.w.servlet.FilterRegistrationBean   : Mapping filter: 'applicationContextIdFilter' to: [/*]
2017-10-04 16:15:01.355  INFO 26493 --- [localhost-startStop-1] o.s.b.w.servlet.ServletRegistrationBean  : Mapping servlet: 'dispatcherServlet' to [/]
2017-10-04 16:15:01.502  INFO 26493 --- [main] j.LocalContainerEntityManagerFactoryBean : Building JPA container EntityManagerFactory for persistence unit 'default'
2017-10-04 16:15:01.509  INFO 26493 --- [main] o.hibernate.jpa.internal.util.LogHelper  : HHH000204: Processing PersistenceUnitInfo [
	name: default
	...]
2017-10-04 16:15:01.540  INFO 26493 --- [main] org.hibernate.Version                    : HHH000412: Hibernate Core {5.0.9.Final}
2017-10-04 16:15:01.541  INFO 26493 --- [main] org.hibernate.cfg.Environment            : HHH000206: hibernate.properties not found
2017-10-04 16:15:01.541  INFO 26493 --- [main] org.hibernate.cfg.Environment            : HHH000021: Bytecode provider name : javassist
2017-10-04 16:15:01.562  INFO 26493 --- [main] o.hibernate.annotations.common.Version   : HCANN000001: Hibernate Commons Annotations {5.0.1.Final}
2017-10-04 16:15:01.679  INFO 26493 --- [main] org.hibernate.dialect.Dialect            : HHH000400: Using dialect: org.hibernate.dialect.PostgreSQLDialect
2017-10-04 16:15:01.744  INFO 26493 --- [main] o.h.e.j.e.i.LobCreatorBuilderImpl        : HHH000424: Disabling contextual LOB creation as createClob() method threw error : java.lang.reflect.InvocationTargetException
2017-10-04 16:15:01.745  INFO 26493 --- [main] org.hibernate.type.BasicTypeRegistry     : HHH000270: Type registration [java.util.UUID] overrides previous : org.hibernate.type.UUIDBinaryType@9690008
2017-10-04 16:15:02.207  INFO 26493 --- [main] j.LocalContainerEntityManagerFactoryBean : Initialized JPA EntityManagerFactory for persistence unit 'default'
2017-10-04 16:15:03.010  INFO 26493 --- [main] .s.o.p.e.FrameworkEndpointHandlerMapping : Mapped "{[/oauth/authorize]}" onto public org.springframework.web.servlet.ModelAndView org.springframework.security.oauth2.provider.endpoint.AuthorizationEndpoint.authorize(java.util.Map<java.lang.String, java.lang.Object>,java.util.Map<java.lang.String, java.lang.String>,org.springframework.web.bind.support.SessionStatus,java.security.Principal)
2017-10-04 16:15:03.011  INFO 26493 --- [main] .s.o.p.e.FrameworkEndpointHandlerMapping : Mapped "{[/oauth/authorize],methods=[POST],params=[user_oauth_approval]}" onto public org.springframework.web.servlet.View org.springframework.security.oauth2.provider.endpoint.AuthorizationEndpoint.approveOrDeny(java.util.Map<java.lang.String, java.lang.String>,java.util.Map<java.lang.String, ?>,org.springframework.web.bind.support.SessionStatus,java.security.Principal)
2017-10-04 16:15:03.012  INFO 26493 --- [main] .s.o.p.e.FrameworkEndpointHandlerMapping : Mapped "{[/oauth/token],methods=[GET]}" onto public org.springframework.http.ResponseEntity<org.springframework.security.oauth2.common.OAuth2AccessToken> org.springframework.security.oauth2.provider.endpoint.TokenEndpoint.getAccessToken(java.security.Principal,java.util.Map<java.lang.String, java.lang.String>) throws org.springframework.web.HttpRequestMethodNotSupportedException
2017-10-04 16:15:03.012  INFO 26493 --- [main] .s.o.p.e.FrameworkEndpointHandlerMapping : Mapped "{[/oauth/token],methods=[POST]}" onto public org.springframework.http.ResponseEntity<org.springframework.security.oauth2.common.OAuth2AccessToken> org.springframework.security.oauth2.provider.endpoint.TokenEndpoint.postAccessToken(java.security.Principal,java.util.Map<java.lang.String, java.lang.String>) throws org.springframework.web.HttpRequestMethodNotSupportedException
2017-10-04 16:15:03.012  INFO 26493 --- [main] .s.o.p.e.FrameworkEndpointHandlerMapping : Mapped "{[/oauth/check_token]}" onto public java.util.Map<java.lang.String, ?> org.springframework.security.oauth2.provider.endpoint.CheckTokenEndpoint.checkToken(java.lang.String)
2017-10-04 16:15:03.013  INFO 26493 --- [main] .s.o.p.e.FrameworkEndpointHandlerMapping : Mapped "{[/oauth/confirm_access]}" onto public org.springframework.web.servlet.ModelAndView org.springframework.security.oauth2.provider.endpoint.WhitelabelApprovalEndpoint.getAccessConfirmation(java.util.Map<java.lang.String, java.lang.Object>,javax.servlet.http.HttpServletRequest) throws java.lang.Exception
2017-10-04 16:15:03.013  INFO 26493 --- [main] .s.o.p.e.FrameworkEndpointHandlerMapping : Mapped "{[/oauth/error]}" onto public org.springframework.web.servlet.ModelAndView org.springframework.security.oauth2.provider.endpoint.WhitelabelErrorEndpoint.handleError(javax.servlet.http.HttpServletRequest)
2017-10-04 16:15:03.058  INFO 26493 --- [main] s.w.s.m.m.a.RequestMappingHandlerMapping : Mapped "{[/skill/level/{levelName}],methods=[GET]}" onto public org.springframework.http.ResponseEntity<java.util.Collection<com.gp.solutions.entity.dbo.Skill>> com.gp.solutions.controller.SkillController.getSkillByLevel(java.lang.String)
2017-10-04 16:15:03.061  INFO 26493 --- [main] s.w.s.m.m.a.RequestMappingHandlerMapping : Mapped "{[/swagger-resources/configuration/ui]}" onto public org.springframework.http.ResponseEntity<springfox.documentation.swagger.web.UiConfiguration> springfox.documentation.swagger.web.ApiResourceController.uiConfiguration()
2017-10-04 16:15:03.061  INFO 26493 --- [main] s.w.s.m.m.a.RequestMappingHandlerMapping : Mapped "{[/swagger-resources/configuration/security]}" onto public org.springframework.http.ResponseEntity<springfox.documentation.swagger.web.SecurityConfiguration> springfox.documentation.swagger.web.ApiResourceController.securityConfiguration()
2017-10-04 16:15:03.062  INFO 26493 --- [main] s.w.s.m.m.a.RequestMappingHandlerMapping : Mapped "{[/swagger-resources]}" onto public org.springframework.http.ResponseEntity<java.util.List<springfox.documentation.swagger.web.SwaggerResource>> springfox.documentation.swagger.web.ApiResourceController.swaggerResources()
2017-10-04 16:15:03.064  INFO 26493 --- [main] s.w.s.m.m.a.RequestMappingHandlerMapping : Mapped "{[/error],produces=[text/html]}" onto public org.springframework.web.servlet.ModelAndView org.springframework.boot.autoconfigure.web.BasicErrorController.errorHtml(javax.servlet.http.HttpServletRequest,javax.servlet.http.HttpServletResponse)
2017-10-04 16:15:03.064  INFO 26493 --- [main] s.w.s.m.m.a.RequestMappingHandlerMapping : Mapped "{[/error]}" onto public org.springframework.http.ResponseEntity<java.util.Map<java.lang.String, java.lang.Object>> org.springframework.boot.autoconfigure.web.BasicErrorController.error(javax.servlet.http.HttpServletRequest)
2017-10-04 16:15:03.431  INFO 26493 --- [main] o.s.b.a.e.mvc.EndpointHandlerMapping     : Mapped "{[/heapdump || /heapdump.json],methods=[GET],produces=[application/octet-stream]}" onto public void org.springframework.boot.actuate.endpoint.mvc.HeapdumpMvcEndpoint.invoke(boolean,javax.servlet.http.HttpServletRequest,javax.servlet.http.HttpServletResponse) throws java.io.IOException,javax.servlet.ServletException
2017-10-04 16:15:03.431  INFO 26493 --- [main] o.s.b.a.e.mvc.EndpointHandlerMapping     : Mapped "{[/logfile || /logfile.json],methods=[GET || HEAD]}" onto public void org.springframework.boot.actuate.endpoint.mvc.LogFileMvcEndpoint.invoke(javax.servlet.http.HttpServletRequest,javax.servlet.http.HttpServletResponse) throws javax.servlet.ServletException,java.io.IOException
2017-10-04 16:15:03.433  INFO 26493 --- [main] o.s.b.a.e.mvc.EndpointHandlerMapping     : Mapped "{[/beans || /beans.json],methods=[GET],produces=[application/json]}" onto public java.lang.Object org.springframework.boot.actuate.endpoint.mvc.EndpointMvcAdapter.invoke()
2017-10-04 16:15:03.433  INFO 26493 --- [main] o.s.b.a.e.mvc.EndpointHandlerMapping     : Mapped "{[/configprops || /configprops.json],methods=[GET],produces=[application/json]}" onto public java.lang.Object org.springframework.boot.actuate.endpoint.mvc.EndpointMvcAdapter.invoke()
2017-10-04 16:15:03.434  INFO 26493 --- [main] o.s.b.a.e.mvc.EndpointHandlerMapping     : Mapped "{[/autoconfig || /autoconfig.json],methods=[GET],produces=[application/json]}" onto public java.lang.Object org.springframework.boot.actuate.endpoint.mvc.EndpointMvcAdapter.invoke()
2017-10-04 16:15:03.435  INFO 26493 --- [main] o.s.b.a.e.mvc.EndpointHandlerMapping     : Mapped "{[/health || /health.json],produces=[application/json]}" onto public java.lang.Object org.springframework.boot.actuate.endpoint.mvc.HealthMvcEndpoint.invoke(java.security.Principal)
2017-10-04 16:15:03.436  INFO 26493 --- [main] o.s.b.a.e.mvc.EndpointHandlerMapping     : Mapped "{[/info || /info.json],methods=[GET],produces=[application/json]}" onto public java.lang.Object org.springframework.boot.actuate.endpoint.mvc.EndpointMvcAdapter.invoke()
2017-10-04 16:15:03.438  INFO 26493 --- [main] o.s.b.a.e.mvc.EndpointHandlerMapping     : Mapped "{[/trace || /trace.json],methods=[GET],produces=[application/json]}" onto public java.lang.Object org.springframework.boot.actuate.endpoint.mvc.EndpointMvcAdapter.invoke()
2017-10-04 16:15:03.438  INFO 26493 --- [main] o.s.b.a.e.mvc.EndpointHandlerMapping     : Mapped "{[/dump || /dump.json],methods=[GET],produces=[application/json]}" onto public java.lang.Object org.springframework.boot.actuate.endpoint.mvc.EndpointMvcAdapter.invoke()
2017-10-04 16:15:03.439  INFO 26493 --- [main] o.s.b.a.e.mvc.EndpointHandlerMapping     : Mapped "{[/env/{name:.*}],methods=[GET],produces=[application/json]}" onto public java.lang.Object org.springframework.boot.actuate.endpoint.mvc.EnvironmentMvcEndpoint.value(java.lang.String)
2017-10-04 16:15:03.439  INFO 26493 --- [main] o.s.b.a.e.mvc.EndpointHandlerMapping     : Mapped "{[/env || /env.json],methods=[GET],produces=[application/json]}" onto public java.lang.Object org.springframework.boot.actuate.endpoint.mvc.EndpointMvcAdapter.invoke()
2017-10-04 16:15:03.441  INFO 26493 --- [main] o.s.b.a.e.mvc.EndpointHandlerMapping     : Mapped "{[/metrics/{name:.*}],methods=[GET],produces=[application/json]}" onto public java.lang.Object org.springframework.boot.actuate.endpoint.mvc.MetricsMvcEndpoint.value(java.lang.String)
2017-10-04 16:15:03.441  INFO 26493 --- [main] o.s.b.a.e.mvc.EndpointHandlerMapping     : Mapped "{[/metrics || /metrics.json],methods=[GET],produces=[application/json]}" onto public java.lang.Object org.springframework.boot.actuate.endpoint.mvc.EndpointMvcAdapter.invoke()
2017-10-04 16:15:03.441  INFO 26493 --- [main] o.s.b.a.e.mvc.EndpointHandlerMapping     : Mapped "{[/mappings || /mappings.json],methods=[GET],produces=[application/json]}" onto public java.lang.Object org.springframework.boot.actuate.endpoint.mvc.EndpointMvcAdapter.invoke()
2017-10-04 16:15:03.812  INFO 26493 --- [main] pertySourcedRequestMappingHandlerMapping : Mapped URL path [/v2/api-docs] onto method [public org.springframework.http.ResponseEntity<springfox.documentation.spring.web.json.Json> springfox.documentation.swagger2.web.Swagger2Controller.getDocumentation(java.lang.String,javax.servlet.http.HttpServletRequest)]
2017-10-04 16:15:04.531  INFO 26493 --- [main] o.s.s.web.DefaultSecurityFilterChain     : Creating filter chain: OrRequestMatcher [requestMatchers=[Ant [pattern='/css/**'], Ant [pattern='/js/**'], Ant [pattern='/images/**'], Ant [pattern='/webjars/**'], Ant [pattern='/**/favicon.ico'], Ant [pattern='/error']]], []
2017-10-04 16:15:04.531  INFO 26493 --- [main] o.s.s.web.DefaultSecurityFilterChain     : Creating filter chain: Ant [pattern='/login'], []
2017-10-04 16:15:04.608  INFO 26493 --- [main] o.s.s.web.DefaultSecurityFilterChain     : Creating filter chain: OrRequestMatcher [requestMatchers=[Ant [pattern='/oauth/token'], Ant [pattern='/oauth/token_key'], Ant [pattern='/oauth/check_token']]], [org.springframework.security.web.context.request.async.WebAsyncManagerIntegrationFilter@719bb60d, org.springframework.security.web.context.SecurityContextPersistenceFilter@582c1f8d, org.springframework.security.web.header.HeaderWriterFilter@7c56c911, org.springframework.security.web.authentication.logout.LogoutFilter@4cb82b09, org.springframework.security.web.authentication.www.BasicAuthenticationFilter@3bf26810, org.springframework.security.web.savedrequest.RequestCacheAwareFilter@443253a6, org.springframework.security.web.servletapi.SecurityContextHolderAwareRequestFilter@3883b5e9, org.springframework.security.web.authentication.AnonymousAuthenticationFilter@5981f2c6, org.springframework.security.web.session.SessionManagementFilter@418d1c03, org.springframework.security.web.access.ExceptionTranslationFilter@64f6dd19, org.springframework.security.web.access.intercept.FilterSecurityInterceptor@14fff5e7]
2017-10-04 16:15:04.618  INFO 26493 --- [main] o.s.s.web.DefaultSecurityFilterChain     : Creating filter chain: org.springframework.security.oauth2.config.annotation.web.configuration.ResourceServerConfiguration$NotOAuthRequestMatcher@9cb927e, [org.springframework.security.web.context.request.async.WebAsyncManagerIntegrationFilter@8585cdd, org.springframework.security.web.context.SecurityContextPersistenceFilter@6843fdc4, org.springframework.security.web.header.HeaderWriterFilter@2b1a1a37, org.springframework.security.web.authentication.logout.LogoutFilter@119f072c, org.springframework.security.oauth2.provider.authentication.OAuth2AuthenticationProcessingFilter@67d180e4, org.springframework.security.web.savedrequest.RequestCacheAwareFilter@147375b3, org.springframework.security.web.servletapi.SecurityContextHolderAwareRequestFilter@6f430ea8, org.springframework.security.web.authentication.AnonymousAuthenticationFilter@1325f967, org.springframework.security.web.session.SessionManagementFilter@7d90764a, org.springframework.security.web.access.ExceptionTranslationFilter@5305f936, org.springframework.security.web.access.intercept.FilterSecurityInterceptor@2b6ee447]
2017-10-04 16:15:04.624  INFO 26493 --- [main] o.s.s.web.DefaultSecurityFilterChain     : Creating filter chain: org.springframework.security.web.util.matcher.AnyRequestMatcher@1, [org.springframework.security.web.authentication.UsernamePasswordAuthenticationFilter@62c47480, org.springframework.security.web.authentication.www.BasicAuthenticationFilter@3e55eeb9, org.springframework.security.web.access.intercept.FilterSecurityInterceptor@813ab53]
2017-10-04 16:15:04.627  INFO 26493 --- [main] o.s.s.web.DefaultSecurityFilterChain     : Creating filter chain: org.springframework.boot.actuate.autoconfigure.ManagementWebSecurityAutoConfiguration$LazyEndpointPathRequestMatcher@1df32c09, [org.springframework.security.web.context.request.async.WebAsyncManagerIntegrationFilter@1aa31454, org.springframework.security.web.context.SecurityContextPersistenceFilter@3ee68377, org.springframework.security.web.header.HeaderWriterFilter@5807ea46, org.springframework.security.web.authentication.logout.LogoutFilter@33e4068, org.springframework.security.web.authentication.www.BasicAuthenticationFilter@12d35bc9, org.springframework.security.web.savedrequest.RequestCacheAwareFilter@4037cdb0, org.springframework.security.web.servletapi.SecurityContextHolderAwareRequestFilter@27055a2a, org.springframework.security.web.authentication.AnonymousAuthenticationFilter@5a8656a2, org.springframework.security.web.session.SessionManagementFilter@305289b3, org.springframework.security.web.access.ExceptionTranslationFilter@3a589eed, org.springframework.security.web.access.intercept.FilterSecurityInterceptor@4c418496]
2017-10-04 16:15:04.700  INFO 26493 --- [main] s.w.s.m.m.a.RequestMappingHandlerAdapter : Looking for @ControllerAdvice: org.springframework.boot.context.embedded.AnnotationConfigEmbeddedWebApplicationContext@217ed35e: startup date [Wed Oct 04 16:14:59 MSK 2017]; root of context hierarchy
2017-10-04 16:15:04.750  INFO 26493 --- [main] o.s.w.s.handler.SimpleUrlHandlerMapping  : Mapped URL path [/webjars/**] onto handler of type [class org.springframework.web.servlet.resource.ResourceHttpRequestHandler]
2017-10-04 16:15:04.751  INFO 26493 --- [main] o.s.w.s.handler.SimpleUrlHandlerMapping  : Mapped URL path [/**] onto handler of type [class org.springframework.web.servlet.resource.ResourceHttpRequestHandler]
2017-10-04 16:15:04.786  INFO 26493 --- [main] o.s.w.s.handler.SimpleUrlHandlerMapping  : Mapped URL path [/**/favicon.ico] onto handler of type [class org.springframework.web.servlet.resource.ResourceHttpRequestHandler]
2017-10-04 16:15:05.031  INFO 26493 --- [main] o.s.j.e.a.AnnotationMBeanExporter        : Registering beans for JMX exposure on startup
2017-10-04 16:15:05.040  INFO 26493 --- [main] o.s.c.support.DefaultLifecycleProcessor  : Starting beans in phase 0
2017-10-04 16:15:05.167  INFO 26493 --- [main] o.s.c.support.DefaultLifecycleProcessor  : Starting beans in phase 2147483647
2017-10-04 16:15:05.167  INFO 26493 --- [main] d.s.w.p.DocumentationPluginsBootstrapper : Context refreshed
2017-10-04 16:15:05.176  INFO 26493 --- [main] d.s.w.p.DocumentationPluginsBootstrapper : Found 1 custom documentation plugin(s)
2017-10-04 16:15:05.242  INFO 26493 --- [main] s.d.s.w.s.ApiListingReferenceScanner     : Scanning for api listing references
2017-10-04 16:15:05.429  INFO 26493 --- [main] s.b.c.e.t.TomcatEmbeddedServletContainer : Tomcat started on port(s): 8000 (http)
2017-10-04 16:15:05.436  INFO 26493 --- [main] com.gp.solutions.App                     : Started App in 6.199 seconds (JVM running for 6.617)
